2021-04-09 11:31:34,513 INFO [org.springframework.web.context.ContextLoader] Root WebApplicationContext: initialization started []
2021-04-09 11:31:34,687 INFO [org.springframework.context.support.AbstractApplicationContext] Refreshing Root WebApplicationContext: startup date [Fri Apr 09 11:31:34 KST 2021]; root of context hierarchy []
2021-04-09 11:31:34,762 INFO [org.springframework.beans.factory.xml.XmlBeanDefinitionReader] Loading XML bean definitions from ServletContext resource [/WEB-INF/spring/root-context.xml] []
2021-04-09 11:31:35,446 INFO [org.springframework.core.io.support.PropertiesLoaderSupport] Loading properties file from class path resource [properties/db.properties] []
2021-04-09 11:31:35,459 DEBUG [org.springframework.ui.context.support.UiApplicationContextUtils] Unable to locate ThemeSource with name 'themeSource': using default [org.springframework.ui.context.support.ResourceBundleThemeSource@427cadce] []
2021-04-09 11:31:35,585 DEBUG [org.apache.ibatis.logging.LogFactory] Logging initialized using 'class org.apache.ibatis.logging.slf4j.Slf4jImpl' adapter. []
2021-04-09 11:31:35,858 DEBUG [org.mybatis.logging.Logger] Parsed configuration file: 'class path resource [sqls/SqlMapConfig.xml]' []
2021-04-09 11:31:35,861 DEBUG [org.mybatis.logging.Logger] Property 'mapperLocations' was not specified. []
2021-04-09 11:31:35,918 DEBUG [org.springframework.jndi.JndiTemplate] Looking up JNDI object with name [java:comp/env/spring.liveBeansView.mbeanDomain] []
2021-04-09 11:31:35,919 DEBUG [org.springframework.jndi.JndiLocatorSupport] Converted JNDI name [java:comp/env/spring.liveBeansView.mbeanDomain] not found - trying original name [spring.liveBeansView.mbeanDomain]. javax.naming.NameNotFoundException: Name [spring.liveBeansView.mbeanDomain]은(는) 이 컨텍스트에 바인딩되지 않았습니다. [spring.liveBeansView.mbeanDomain]을(를) 찾을 수 없습니다. []
2021-04-09 11:31:35,919 DEBUG [org.springframework.jndi.JndiTemplate] Looking up JNDI object with name [spring.liveBeansView.mbeanDomain] []
2021-04-09 11:31:35,920 DEBUG [org.springframework.jndi.JndiPropertySource] JNDI lookup for name [spring.liveBeansView.mbeanDomain] threw NamingException with message: Name [spring.liveBeansView.mbeanDomain]은(는) 이 컨텍스트에 바인딩되지 않았습니다. [spring.liveBeansView.mbeanDomain]을(를) 찾을 수 없습니다.. Returning null. []
2021-04-09 11:31:35,922 INFO [org.springframework.web.context.ContextLoader] Root WebApplicationContext: initialization completed in 1404 ms []
2021-04-09 11:31:35,959 INFO [org.springframework.web.servlet.FrameworkServlet] FrameworkServlet 'appServlet': initialization started []
2021-04-09 11:31:35,959 DEBUG [org.springframework.jndi.JndiTemplate] Looking up JNDI object with name [java:comp/env/spring.profiles.active] []
2021-04-09 11:31:35,960 DEBUG [org.springframework.jndi.JndiLocatorSupport] Converted JNDI name [java:comp/env/spring.profiles.active] not found - trying original name [spring.profiles.active]. javax.naming.NameNotFoundException: Name [spring.profiles.active]은(는) 이 컨텍스트에 바인딩되지 않았습니다. [spring.profiles.active]을(를) 찾을 수 없습니다. []
2021-04-09 11:31:35,960 DEBUG [org.springframework.jndi.JndiTemplate] Looking up JNDI object with name [spring.profiles.active] []
2021-04-09 11:31:35,961 DEBUG [org.springframework.jndi.JndiPropertySource] JNDI lookup for name [spring.profiles.active] threw NamingException with message: Name [spring.profiles.active]은(는) 이 컨텍스트에 바인딩되지 않았습니다. [spring.profiles.active]을(를) 찾을 수 없습니다.. Returning null. []
2021-04-09 11:31:35,961 DEBUG [org.springframework.jndi.JndiTemplate] Looking up JNDI object with name [java:comp/env/spring.profiles.default] []
2021-04-09 11:31:35,961 DEBUG [org.springframework.jndi.JndiLocatorSupport] Converted JNDI name [java:comp/env/spring.profiles.default] not found - trying original name [spring.profiles.default]. javax.naming.NameNotFoundException: Name [spring.profiles.default]은(는) 이 컨텍스트에 바인딩되지 않았습니다. [spring.profiles.default]을(를) 찾을 수 없습니다. []
2021-04-09 11:31:35,962 DEBUG [org.springframework.jndi.JndiTemplate] Looking up JNDI object with name [spring.profiles.default] []
2021-04-09 11:31:35,962 DEBUG [org.springframework.jndi.JndiPropertySource] JNDI lookup for name [spring.profiles.default] threw NamingException with message: Name [spring.profiles.default]은(는) 이 컨텍스트에 바인딩되지 않았습니다. [spring.profiles.default]을(를) 찾을 수 없습니다.. Returning null. []
2021-04-09 11:31:35,964 INFO [org.springframework.context.support.AbstractApplicationContext] Refreshing WebApplicationContext for namespace 'appServlet-servlet': startup date [Fri Apr 09 11:31:35 KST 2021]; parent: Root WebApplicationContext []
2021-04-09 11:31:35,965 INFO [org.springframework.beans.factory.xml.XmlBeanDefinitionReader] Loading XML bean definitions from ServletContext resource [/WEB-INF/spring/appServlet/servlet-context.xml] []
2021-04-09 11:31:36,910 INFO [org.springframework.beans.factory.annotation.AutowiredAnnotationBeanPostProcessor] JSR-330 'javax.inject.Inject' annotation found and supported for autowiring []
2021-04-09 11:31:36,917 DEBUG [org.springframework.ui.context.support.UiApplicationContextUtils] Unable to locate ThemeSource with name 'themeSource': using default [org.springframework.ui.context.support.DelegatingThemeSource@795dbe28] []
2021-04-09 11:31:37,130 INFO [org.springframework.web.servlet.handler.AbstractHandlerMethodMapping$MappingRegistry] Mapped "{[/],methods=[GET]}" onto public java.lang.String com.hk.board.HomeController.index(java.util.Locale,org.springframework.ui.Model) []
2021-04-09 11:31:37,131 INFO [org.springframework.web.servlet.handler.AbstractHandlerMethodMapping$MappingRegistry] Mapped "{[/updateForm.do],methods=[GET]}" onto public java.lang.String com.hk.board.HomeController.updateForm(int,java.util.Locale,org.springframework.ui.Model) []
2021-04-09 11:31:37,132 INFO [org.springframework.web.servlet.handler.AbstractHandlerMethodMapping$MappingRegistry] Mapped "{[/calendar.do],methods=[GET]}" onto public java.lang.String com.hk.board.HomeController.calendar(java.util.Locale,org.springframework.ui.Model,java.lang.String,java.lang.String) []
2021-04-09 11:31:37,132 INFO [org.springframework.web.servlet.handler.AbstractHandlerMethodMapping$MappingRegistry] Mapped "{[/calBoardList.do],methods=[GET]}" onto public java.lang.String com.hk.board.HomeController.calBoardList(javax.servlet.http.HttpServletRequest,java.util.Locale,org.springframework.ui.Model,java.util.Map<java.lang.String, java.lang.String>,com.hk.board.dtos.CalDto) []
2021-04-09 11:31:37,133 INFO [org.springframework.web.servlet.handler.AbstractHandlerMethodMapping$MappingRegistry] Mapped "{[/calUpdate.do],methods=[POST]}" onto public java.lang.String com.hk.board.HomeController.calUpdate(com.hk.board.dtos.CalDto,java.util.Locale,org.springframework.ui.Model) []
2021-04-09 11:31:37,133 INFO [org.springframework.web.servlet.handler.AbstractHandlerMethodMapping$MappingRegistry] Mapped "{[/insertCalForm.do],methods=[GET]}" onto public java.lang.String com.hk.board.HomeController.insertCalForm(java.util.Locale,org.springframework.ui.Model) []
2021-04-09 11:31:37,133 INFO [org.springframework.web.servlet.handler.AbstractHandlerMethodMapping$MappingRegistry] Mapped "{[/calDetail.do],methods=[GET]}" onto public java.lang.String com.hk.board.HomeController.calDetail(int,java.util.Locale,org.springframework.ui.Model) []
2021-04-09 11:31:37,134 INFO [org.springframework.web.servlet.handler.AbstractHandlerMethodMapping$MappingRegistry] Mapped "{[/calMulDel.do],methods=[GET || POST]}" onto public java.lang.String com.hk.board.HomeController.calMulDel(java.lang.String[],com.hk.board.dtos.CalDto,java.util.Locale,org.springframework.ui.Model) []
2021-04-09 11:31:37,134 INFO [org.springframework.web.servlet.handler.AbstractHandlerMethodMapping$MappingRegistry] Mapped "{[/insertCalBoard.do],methods=[POST]}" onto public java.lang.String com.hk.board.HomeController.insertCalBoard(com.hk.board.dtos.CalDto,java.util.Locale,org.springframework.ui.Model) []
2021-04-09 11:31:37,231 INFO [org.springframework.web.servlet.mvc.method.annotation.RequestMappingHandlerAdapter] Looking for @ControllerAdvice: WebApplicationContext for namespace 'appServlet-servlet': startup date [Fri Apr 09 11:31:35 KST 2021]; parent: Root WebApplicationContext []
2021-04-09 11:31:37,325 INFO [org.springframework.web.servlet.mvc.method.annotation.RequestMappingHandlerAdapter] Looking for @ControllerAdvice: WebApplicationContext for namespace 'appServlet-servlet': startup date [Fri Apr 09 11:31:35 KST 2021]; parent: Root WebApplicationContext []
2021-04-09 11:31:37,455 INFO [org.springframework.web.servlet.handler.AbstractUrlHandlerMapping] Mapped URL path [/resources/**] onto handler 'org.springframework.web.servlet.resource.ResourceHttpRequestHandler#0' []
2021-04-09 11:31:37,591 DEBUG [org.springframework.jndi.JndiTemplate] Looking up JNDI object with name [java:comp/env/spring.liveBeansView.mbeanDomain] []
2021-04-09 11:31:37,594 DEBUG [org.springframework.jndi.JndiLocatorSupport] Converted JNDI name [java:comp/env/spring.liveBeansView.mbeanDomain] not found - trying original name [spring.liveBeansView.mbeanDomain]. javax.naming.NameNotFoundException: Name [spring.liveBeansView.mbeanDomain]은(는) 이 컨텍스트에 바인딩되지 않았습니다. [spring.liveBeansView.mbeanDomain]을(를) 찾을 수 없습니다. []
2021-04-09 11:31:37,595 DEBUG [org.springframework.jndi.JndiTemplate] Looking up JNDI object with name [spring.liveBeansView.mbeanDomain] []
2021-04-09 11:31:37,596 DEBUG [org.springframework.jndi.JndiPropertySource] JNDI lookup for name [spring.liveBeansView.mbeanDomain] threw NamingException with message: Name [spring.liveBeansView.mbeanDomain]은(는) 이 컨텍스트에 바인딩되지 않았습니다. [spring.liveBeansView.mbeanDomain]을(를) 찾을 수 없습니다.. Returning null. []
2021-04-09 11:31:37,597 INFO [org.springframework.web.servlet.FrameworkServlet] FrameworkServlet 'appServlet': initialization completed in 1638 ms []
2021-04-09 11:32:55,751 INFO [com.hk.board.HomeController] 달력보기 ko_KR. []
2021-04-09 11:32:56,009 INFO [com.hk.board.HomeController] 달력보기 ko_KR. []
2021-04-09 11:32:56,841 INFO [com.hk.board.HomeController] 달력보기 ko_KR. []
2021-04-09 11:32:59,881 INFO [com.hk.board.HomeController] 일정추가폼이동 ko_KR. []
2021-04-09 11:33:24,382 INFO [com.hk.board.HomeController] 일정추가하기 ko_KR. []
2021-04-09 11:33:24,392 DEBUG [org.mybatis.logging.Logger] Creating a new SqlSession []
2021-04-09 11:33:24,403 DEBUG [org.mybatis.logging.Logger] SqlSession [org.apache.ibatis.session.defaults.DefaultSqlSession@26830c71] was not registered for synchronization because synchronization is not active []
2021-04-09 11:33:24,418 DEBUG [org.springframework.jdbc.datasource.DataSourceUtils] Fetching JDBC Connection from DataSource []
2021-04-09 11:33:24,695 DEBUG [org.mybatis.logging.Logger] JDBC Connection [jdbc:oracle:thin:@localhost:1521:xe, UserName=STUDY, Oracle JDBC driver] will not be managed by Spring []
2021-04-09 11:33:24,878 DEBUG [org.mybatis.logging.Logger] Closing non transactional SqlSession [org.apache.ibatis.session.defaults.DefaultSqlSession@26830c71] []
2021-04-09 11:33:24,878 DEBUG [org.springframework.jdbc.datasource.DataSourceUtils] Returning JDBC Connection to DataSource []
2021-04-09 11:33:24,889 INFO [com.hk.board.HomeController] 달력보기 ko_KR. []
2021-04-09 11:34:10,962 INFO [org.springframework.context.support.AbstractApplicationContext] Closing WebApplicationContext for namespace 'appServlet-servlet': startup date [Fri Apr 09 11:31:35 KST 2021]; parent: Root WebApplicationContext []
2021-04-09 11:34:10,964 INFO [org.springframework.context.support.AbstractApplicationContext] Closing Root WebApplicationContext: startup date [Fri Apr 09 11:31:34 KST 2021]; root of context hierarchy []
2021-04-09 11:34:12,620 INFO [org.springframework.web.context.ContextLoader] Root WebApplicationContext: initialization started []
2021-04-09 11:34:12,771 INFO [org.springframework.context.support.AbstractApplicationContext] Refreshing Root WebApplicationContext: startup date [Fri Apr 09 11:34:12 KST 2021]; root of context hierarchy []
2021-04-09 11:34:12,836 INFO [org.springframework.beans.factory.xml.XmlBeanDefinitionReader] Loading XML bean definitions from ServletContext resource [/WEB-INF/spring/root-context.xml] []
2021-04-09 11:34:13,598 INFO [org.springframework.core.io.support.PropertiesLoaderSupport] Loading properties file from class path resource [properties/db.properties] []
2021-04-09 11:34:13,612 DEBUG [org.springframework.ui.context.support.UiApplicationContextUtils] Unable to locate ThemeSource with name 'themeSource': using default [org.springframework.ui.context.support.ResourceBundleThemeSource@401d24f8] []
2021-04-09 11:34:13,726 DEBUG [org.apache.ibatis.logging.LogFactory] Logging initialized using 'class org.apache.ibatis.logging.slf4j.Slf4jImpl' adapter. []
2021-04-09 11:34:14,112 DEBUG [org.mybatis.logging.Logger] Parsed configuration file: 'class path resource [sqls/SqlMapConfig.xml]' []
2021-04-09 11:34:14,115 DEBUG [org.mybatis.logging.Logger] Property 'mapperLocations' was not specified. []
2021-04-09 11:34:14,170 DEBUG [org.springframework.jndi.JndiTemplate] Looking up JNDI object with name [java:comp/env/spring.liveBeansView.mbeanDomain] []
2021-04-09 11:34:14,171 DEBUG [org.springframework.jndi.JndiLocatorSupport] Converted JNDI name [java:comp/env/spring.liveBeansView.mbeanDomain] not found - trying original name [spring.liveBeansView.mbeanDomain]. javax.naming.NameNotFoundException: Name [spring.liveBeansView.mbeanDomain]은(는) 이 컨텍스트에 바인딩되지 않았습니다. [spring.liveBeansView.mbeanDomain]을(를) 찾을 수 없습니다. []
2021-04-09 11:34:14,172 DEBUG [org.springframework.jndi.JndiTemplate] Looking up JNDI object with name [spring.liveBeansView.mbeanDomain] []
2021-04-09 11:34:14,172 DEBUG [org.springframework.jndi.JndiPropertySource] JNDI lookup for name [spring.liveBeansView.mbeanDomain] threw NamingException with message: Name [spring.liveBeansView.mbeanDomain]은(는) 이 컨텍스트에 바인딩되지 않았습니다. [spring.liveBeansView.mbeanDomain]을(를) 찾을 수 없습니다.. Returning null. []
2021-04-09 11:34:14,175 INFO [org.springframework.web.context.ContextLoader] Root WebApplicationContext: initialization completed in 1551 ms []
2021-04-09 11:34:14,227 INFO [org.springframework.web.servlet.FrameworkServlet] FrameworkServlet 'appServlet': initialization started []
2021-04-09 11:34:14,228 DEBUG [org.springframework.jndi.JndiTemplate] Looking up JNDI object with name [java:comp/env/spring.profiles.active] []
2021-04-09 11:34:14,228 DEBUG [org.springframework.jndi.JndiLocatorSupport] Converted JNDI name [java:comp/env/spring.profiles.active] not found - trying original name [spring.profiles.active]. javax.naming.NameNotFoundException: Name [spring.profiles.active]은(는) 이 컨텍스트에 바인딩되지 않았습니다. [spring.profiles.active]을(를) 찾을 수 없습니다. []
2021-04-09 11:34:14,229 DEBUG [org.springframework.jndi.JndiTemplate] Looking up JNDI object with name [spring.profiles.active] []
2021-04-09 11:34:14,229 DEBUG [org.springframework.jndi.JndiPropertySource] JNDI lookup for name [spring.profiles.active] threw NamingException with message: Name [spring.profiles.active]은(는) 이 컨텍스트에 바인딩되지 않았습니다. [spring.profiles.active]을(를) 찾을 수 없습니다.. Returning null. []
2021-04-09 11:34:14,229 DEBUG [org.springframework.jndi.JndiTemplate] Looking up JNDI object with name [java:comp/env/spring.profiles.default] []
2021-04-09 11:34:14,230 DEBUG [org.springframework.jndi.JndiLocatorSupport] Converted JNDI name [java:comp/env/spring.profiles.default] not found - trying original name [spring.profiles.default]. javax.naming.NameNotFoundException: Name [spring.profiles.default]은(는) 이 컨텍스트에 바인딩되지 않았습니다. [spring.profiles.default]을(를) 찾을 수 없습니다. []
2021-04-09 11:34:14,230 DEBUG [org.springframework.jndi.JndiTemplate] Looking up JNDI object with name [spring.profiles.default] []
2021-04-09 11:34:14,231 DEBUG [org.springframework.jndi.JndiPropertySource] JNDI lookup for name [spring.profiles.default] threw NamingException with message: Name [spring.profiles.default]은(는) 이 컨텍스트에 바인딩되지 않았습니다. [spring.profiles.default]을(를) 찾을 수 없습니다.. Returning null. []
2021-04-09 11:34:14,235 INFO [org.springframework.context.support.AbstractApplicationContext] Refreshing WebApplicationContext for namespace 'appServlet-servlet': startup date [Fri Apr 09 11:34:14 KST 2021]; parent: Root WebApplicationContext []
2021-04-09 11:34:14,236 INFO [org.springframework.beans.factory.xml.XmlBeanDefinitionReader] Loading XML bean definitions from ServletContext resource [/WEB-INF/spring/appServlet/servlet-context.xml] []
2021-04-09 11:34:15,323 INFO [org.springframework.beans.factory.annotation.AutowiredAnnotationBeanPostProcessor] JSR-330 'javax.inject.Inject' annotation found and supported for autowiring []
2021-04-09 11:34:15,330 DEBUG [org.springframework.ui.context.support.UiApplicationContextUtils] Unable to locate ThemeSource with name 'themeSource': using default [org.springframework.ui.context.support.DelegatingThemeSource@1cfa5602] []
2021-04-09 11:34:15,545 INFO [org.springframework.web.servlet.handler.AbstractHandlerMethodMapping$MappingRegistry] Mapped "{[/],methods=[GET]}" onto public java.lang.String com.hk.board.HomeController.index(java.util.Locale,org.springframework.ui.Model) []
2021-04-09 11:34:15,546 INFO [org.springframework.web.servlet.handler.AbstractHandlerMethodMapping$MappingRegistry] Mapped "{[/updateForm.do],methods=[GET]}" onto public java.lang.String com.hk.board.HomeController.updateForm(int,java.util.Locale,org.springframework.ui.Model) []
2021-04-09 11:34:15,547 INFO [org.springframework.web.servlet.handler.AbstractHandlerMethodMapping$MappingRegistry] Mapped "{[/calendar.do],methods=[GET]}" onto public java.lang.String com.hk.board.HomeController.calendar(java.util.Locale,org.springframework.ui.Model,java.lang.String,java.lang.String) []
2021-04-09 11:34:15,547 INFO [org.springframework.web.servlet.handler.AbstractHandlerMethodMapping$MappingRegistry] Mapped "{[/calBoardList.do],methods=[GET]}" onto public java.lang.String com.hk.board.HomeController.calBoardList(javax.servlet.http.HttpServletRequest,java.util.Locale,org.springframework.ui.Model,java.util.Map<java.lang.String, java.lang.String>,com.hk.board.dtos.CalDto) []
2021-04-09 11:34:15,548 INFO [org.springframework.web.servlet.handler.AbstractHandlerMethodMapping$MappingRegistry] Mapped "{[/calUpdate.do],methods=[POST]}" onto public java.lang.String com.hk.board.HomeController.calUpdate(com.hk.board.dtos.CalDto,java.util.Locale,org.springframework.ui.Model) []
2021-04-09 11:34:15,548 INFO [org.springframework.web.servlet.handler.AbstractHandlerMethodMapping$MappingRegistry] Mapped "{[/insertCalForm.do],methods=[GET]}" onto public java.lang.String com.hk.board.HomeController.insertCalForm(java.util.Locale,org.springframework.ui.Model) []
2021-04-09 11:34:15,549 INFO [org.springframework.web.servlet.handler.AbstractHandlerMethodMapping$MappingRegistry] Mapped "{[/calDetail.do],methods=[GET]}" onto public java.lang.String com.hk.board.HomeController.calDetail(int,java.util.Locale,org.springframework.ui.Model) []
2021-04-09 11:34:15,549 INFO [org.springframework.web.servlet.handler.AbstractHandlerMethodMapping$MappingRegistry] Mapped "{[/calMulDel.do],methods=[GET || POST]}" onto public java.lang.String com.hk.board.HomeController.calMulDel(java.lang.String[],com.hk.board.dtos.CalDto,java.util.Locale,org.springframework.ui.Model) []
2021-04-09 11:34:15,550 INFO [org.springframework.web.servlet.handler.AbstractHandlerMethodMapping$MappingRegistry] Mapped "{[/insertCalBoard.do],methods=[POST]}" onto public java.lang.String com.hk.board.HomeController.insertCalBoard(com.hk.board.dtos.CalDto,java.util.Locale,org.springframework.ui.Model) []
2021-04-09 11:34:15,642 INFO [org.springframework.web.servlet.mvc.method.annotation.RequestMappingHandlerAdapter] Looking for @ControllerAdvice: WebApplicationContext for namespace 'appServlet-servlet': startup date [Fri Apr 09 11:34:14 KST 2021]; parent: Root WebApplicationContext []
2021-04-09 11:34:15,714 INFO [org.springframework.web.servlet.mvc.method.annotation.RequestMappingHandlerAdapter] Looking for @ControllerAdvice: WebApplicationContext for namespace 'appServlet-servlet': startup date [Fri Apr 09 11:34:14 KST 2021]; parent: Root WebApplicationContext []
2021-04-09 11:34:15,823 INFO [org.springframework.web.servlet.handler.AbstractUrlHandlerMapping] Mapped URL path [/resources/**] onto handler 'org.springframework.web.servlet.resource.ResourceHttpRequestHandler#0' []
2021-04-09 11:34:15,931 DEBUG [org.springframework.jndi.JndiTemplate] Looking up JNDI object with name [java:comp/env/spring.liveBeansView.mbeanDomain] []
2021-04-09 11:34:15,931 DEBUG [org.springframework.jndi.JndiLocatorSupport] Converted JNDI name [java:comp/env/spring.liveBeansView.mbeanDomain] not found - trying original name [spring.liveBeansView.mbeanDomain]. javax.naming.NameNotFoundException: Name [spring.liveBeansView.mbeanDomain]은(는) 이 컨텍스트에 바인딩되지 않았습니다. [spring.liveBeansView.mbeanDomain]을(를) 찾을 수 없습니다. []
2021-04-09 11:34:15,931 DEBUG [org.springframework.jndi.JndiTemplate] Looking up JNDI object with name [spring.liveBeansView.mbeanDomain] []
2021-04-09 11:34:15,932 DEBUG [org.springframework.jndi.JndiPropertySource] JNDI lookup for name [spring.liveBeansView.mbeanDomain] threw NamingException with message: Name [spring.liveBeansView.mbeanDomain]은(는) 이 컨텍스트에 바인딩되지 않았습니다. [spring.liveBeansView.mbeanDomain]을(를) 찾을 수 없습니다.. Returning null. []
2021-04-09 11:34:15,932 INFO [org.springframework.web.servlet.FrameworkServlet] FrameworkServlet 'appServlet': initialization completed in 1704 ms []
2021-04-09 11:34:33,573 INFO [com.hk.board.HomeController] 일정목록보기 ko_KR. []
2021-04-09 11:34:33,584 DEBUG [org.mybatis.logging.Logger] Creating a new SqlSession []
2021-04-09 11:34:33,597 DEBUG [org.mybatis.logging.Logger] SqlSession [org.apache.ibatis.session.defaults.DefaultSqlSession@79b3d35e] was not registered for synchronization because synchronization is not active []
2021-04-09 11:34:33,617 DEBUG [org.springframework.jdbc.datasource.DataSourceUtils] Fetching JDBC Connection from DataSource []
2021-04-09 11:34:34,068 DEBUG [org.mybatis.logging.Logger] JDBC Connection [jdbc:oracle:thin:@localhost:1521:xe, UserName=STUDY, Oracle JDBC driver] will not be managed by Spring []
2021-04-09 11:34:34,081 DEBUG [org.apache.ibatis.logging.jdbc.BaseJdbcLogger] ==>  Preparing: SELECT SEQ, ID, TITLE, CONTENT, MDATE, REGDATE FROM CALBOARD WHERE ID = ? AND SUBSTR(MDATE,1,8) = ? ORDER BY MDATE  []
2021-04-09 11:34:34,291 DEBUG [org.apache.ibatis.logging.jdbc.BaseJdbcLogger] ==> Parameters: wg(String), 20210409(String) []
2021-04-09 11:34:34,350 DEBUG [org.apache.ibatis.logging.jdbc.BaseJdbcLogger] <==      Total: 3 []
2021-04-09 11:34:34,357 DEBUG [org.mybatis.logging.Logger] Closing non transactional SqlSession [org.apache.ibatis.session.defaults.DefaultSqlSession@79b3d35e] []
2021-04-09 11:34:34,358 DEBUG [org.springframework.jdbc.datasource.DataSourceUtils] Returning JDBC Connection to DataSource []
2021-04-09 11:34:39,760 INFO [com.hk.board.HomeController] 일정추가폼이동 ko_KR. []
2021-04-09 11:34:46,427 INFO [com.hk.board.HomeController] 일정추가하기 ko_KR. []
2021-04-09 11:34:46,428 DEBUG [org.mybatis.logging.Logger] Creating a new SqlSession []
2021-04-09 11:34:46,428 DEBUG [org.mybatis.logging.Logger] SqlSession [org.apache.ibatis.session.defaults.DefaultSqlSession@3e313bbb] was not registered for synchronization because synchronization is not active []
2021-04-09 11:34:46,429 DEBUG [org.springframework.jdbc.datasource.DataSourceUtils] Fetching JDBC Connection from DataSource []
2021-04-09 11:34:46,430 DEBUG [org.mybatis.logging.Logger] JDBC Connection [jdbc:oracle:thin:@localhost:1521:xe, UserName=STUDY, Oracle JDBC driver] will not be managed by Spring []
2021-04-09 11:34:46,430 DEBUG [org.apache.ibatis.logging.jdbc.BaseJdbcLogger] ==>  Preparing: INSERT INTO CALBOARD VALUES (CALBOARD_SEQ.NEXTVAL, ?, ?, ?, ?, SYSDATE)  []
2021-04-09 11:34:46,431 DEBUG [org.apache.ibatis.logging.jdbc.BaseJdbcLogger] ==> Parameters: wg(String), ㄼㄼㄼㄼㄼㄼㄼㄼ(String), ㄼㄼㄼㄼ(String), 202104091134(String) []
2021-04-09 11:34:46,434 DEBUG [org.apache.ibatis.logging.jdbc.BaseJdbcLogger] <==    Updates: 1 []
2021-04-09 11:34:46,434 DEBUG [org.mybatis.logging.Logger] Closing non transactional SqlSession [org.apache.ibatis.session.defaults.DefaultSqlSession@3e313bbb] []
2021-04-09 11:34:46,434 DEBUG [org.springframework.jdbc.datasource.DataSourceUtils] Returning JDBC Connection to DataSource []
2021-04-09 11:34:46,455 INFO [com.hk.board.HomeController] 달력보기 ko_KR. []
2021-04-09 13:13:57,972 INFO [com.hk.board.HomeController] 달력보기 ko_KR. []
2021-04-09 13:14:17,904 INFO [com.hk.board.HomeController] 달력보기 ko_KR. []
2021-04-09 13:14:32,777 INFO [com.hk.board.HomeController] 달력보기 ko_KR. []
2021-04-09 13:14:41,405 INFO [com.hk.board.HomeController] 달력보기 ko_KR. []
2021-04-09 13:16:54,210 INFO [com.hk.board.HomeController] 달력보기 ko_KR. []
2021-04-09 13:17:44,330 INFO [com.hk.board.HomeController] 달력보기 ko_KR. []
2021-04-09 13:18:12,896 INFO [com.hk.board.HomeController] 달력보기 ko_KR. []
2021-04-09 13:18:55,176 INFO [com.hk.board.HomeController] 달력보기 ko_KR. []
2021-04-09 13:19:07,927 INFO [com.hk.board.HomeController] 달력보기 ko_KR. []
2021-04-09 13:19:15,054 INFO [com.hk.board.HomeController] 달력보기 ko_KR. []
2021-04-09 13:19:21,540 INFO [com.hk.board.HomeController] 달력보기 ko_KR. []
2021-04-09 13:20:03,460 INFO [com.hk.board.HomeController] 달력보기 ko_KR. []
2021-04-09 13:20:10,528 INFO [com.hk.board.HomeController] 달력보기 ko_KR. []
2021-04-09 13:20:14,647 INFO [com.hk.board.HomeController] 달력보기 ko_KR. []
2021-04-09 13:20:19,653 INFO [com.hk.board.HomeController] 달력보기 ko_KR. []
2021-04-09 13:20:25,975 INFO [com.hk.board.HomeController] 달력보기 ko_KR. []
2021-04-09 13:21:00,637 INFO [com.hk.board.HomeController] 달력보기 ko_KR. []
2021-04-09 13:52:04,620 INFO [org.springframework.context.support.AbstractApplicationContext] Closing WebApplicationContext for namespace 'appServlet-servlet': startup date [Fri Apr 09 11:34:14 KST 2021]; parent: Root WebApplicationContext []
2021-04-09 13:52:04,622 INFO [org.springframework.context.support.AbstractApplicationContext] Closing Root WebApplicationContext: startup date [Fri Apr 09 11:34:12 KST 2021]; root of context hierarchy []
